#
# There is insufficient memory for the Java Runtime Environment to continue.
# Native memory allocation (mmap) failed to map 234881024 bytes for G1 virtual space
# Possible reasons:
#   The system is out of physical RAM or swap space
#   The process is running with CompressedOops enabled, and the Java Heap may be blocking the growth of the native heap
# Possible solutions:
#   Reduce memory load on the system
#   Increase physical memory or swap space
#   Check if swap backing store is full
#   Decrease Java heap size (-Xmx/-Xms)
#   Decrease number of Java threads
#   Decrease Java thread stack sizes (-Xss)
#   Set larger code cache with -XX:ReservedCodeCacheSize=
#   JVM is running with Zero Based Compressed Oops mode in which the Java heap is
#     placed in the first 32GB address space. The Java Heap base address is the
#     maximum limit for the native heap growth. Please use -XX:HeapBaseMinAddress
#     to set the Java Heap base and to place the Java Heap above 32GB virtual address.
# This output file may be truncated or incomplete.
#
#  Out of Memory Error (os_windows.cpp:3753), pid=198356, tid=193932
#
# JRE version:  (17.0.4.1+7) (build )
# Java VM: OpenJDK 64-Bit Server VM (17.0.4.1+7-b469.62, mixed mode, sharing, tiered, compressed oops, compressed class ptrs, g1 gc, windows-amd64)
# No core dump will be written. Minidumps are not enabled by default on client versions of Windows
#

---------------  S U M M A R Y ------------

Command Line: git4idea.http.GitAskPassApp Username for 'https://github.com': 

Host: AMD Ryzen 3 3200U with Radeon Vega Mobile Gfx  , 4 cores, 13G,  Windows 10 , 64 bit Build 19041 (10.0.19041.5915)
Time: Sun Feb  1 18:11:03 2026 RTZ 2 (s 10 , 64 bit Build 19041 (10.0.19041.5915) elapsed time: 0.058425 seconds (0d 0h 0m 0s)

---------------  T H R E A D  ---------------

Current thread (0x0000027b32f59320):  JavaThread "Unknown thread" [_thread_in_vm, id=193932, stack(0x000000f2ffc00000,0x000000f2ffd00000)]

Stack: [0x000000f2ffc00000,0x000000f2ffd00000]
Native frames: (J=compiled Java code, j=interpreted, Vv=VM code, C=native code)
V  [jvm.dll+0x68356a]
V  [jvm.dll+0x83fab4]
V  [jvm.dll+0x84125e]
V  [jvm.dll+0x8418c3]
V  [jvm.dll+0x249735]
V  [jvm.dll+0x680439]
V  [jvm.dll+0x674a7a]
V  [jvm.dll+0x30956b]
V  [jvm.dll+0x310a26]
V  [jvm.dll+0x36089e]
V  [jvm.dll+0x360acf]
V  [jvm.dll+0x2df658]
V  [jvm.dll+0x2e05c4]
V  [jvm.dll+0x8112a1]
V  [jvm.dll+0x36e6f1]
V  [jvm.dll+0x7f076c]
V  [jvm.dll+0x3f180f]
V  [jvm.dll+0x3f3351]
C  [jli.dll+0x526b]
C  [ucrtbase.dll+0x21bb2]
C  [KERNEL32.DLL+0x17374]
C  [ntdll.dll+0x4cc91]


---------------  P R O C E S S  ---------------

Threads class SMR info:
_java_thread_list=0x00007ffc77ba7f58, length=0, elements={
}

Java Threads: ( => current thread )

Other Threads:
  0x0000027b32fb9c80 GCTaskThread "GC Thread#0" [stack: 0x000000f2ffd00000,0x000000f2ffe00000] [id=195932]
  0x0000027b32fc8ad0 ConcurrentGCThread "G1 Main Marker" [stack: 0x000000f2ffe00000,0x000000f2fff00000] [id=187964]
  0x0000027b32fc94e0 ConcurrentGCThread "G1 Conc#0" [stack: 0x000000f2fff00000,0x000000f300000000] [id=198620]

[error occurred during error reporting (printing all threads), id 0xc0000005, EXCEPTION_ACCESS_VIOLATION (0xc0000005) at pc=0x00007ffc77360217]

VM state: not at safepoint (not fully initialized)

VM Mutex/Monitor currently owned by a thread:  ([mutex/lock_event])
[0x0000027b32f52c80] Heap_lock - owner thread: 0x0000027b32f59320

Heap address: 0x0000000720e00000, size: 3570 MB, Compressed Oops mode: Zero based, Oop shift amount: 3

CDS archive(s) mapped at: [0x0000000000000000-0x0000000000000000-0x0000000000000000), size 0, SharedBaseAddress: 0x0000000800000000, ArchiveRelocationMode: 0.
Narrow klass base: 0x0000000000000000, Narrow klass shift: 0, Narrow klass range: 0x0

GC Precious Log:
<Empty>

Heap:
 garbage-first heap   total 0K, used 0K [0x0000000720e00000, 0x0000000800000000)
  region size 2048K, 0 young (0K), 0 survivors (0K)

[error occurred during error reporting (printing heap information), id 0xc0000005, EXCEPTION_ACCESS_VIOLATION (0xc0000005) at pc=0x00007ffc7774d1f9]

GC Heap History (0 events):
No events

Deoptimization events (0 events):
No events

Classes unloaded (0 events):
No events

Classes redefined (0 events):
No events

Internal exceptions (0 events):
No events

VM Operations (0 events):
No events

Events (1 events):
Event: 0.033 Loaded shared library C:\Program Files\JetBrains\IntelliJ IDEA Community Edition 2022.2.3\jbr\bin\java.dll


Dynamic libraries:
0x00007ff63d740000 - 0x00007ff63d74a000 	C:\Program Files\JetBrains\IntelliJ IDEA Community Edition 2022.2.3\jbr\bin\java.exe
0x00007ffcd64f0000 - 0x00007ffcd66e8000 	C:\windows\SYSTEM32\ntdll.dll
0x00007ffcd5620000 - 0x00007ffcd56e2000 	C:\windows\System32\KERNEL32.DLL
0x00007ffcd3b80000 - 0x00007ffcd3e76000 	C:\windows\System32\KERNELBASE.dll
0x00007ffcd4130000 - 0x00007ffcd4230000 	C:\windows\System32\ucrtbase.dll
0x00007ffcb5d30000 - 0x00007ffcb5d47000 	C:\Program Files\JetBrains\IntelliJ IDEA Community Edition 2022.2.3\jbr\bin\jli.dll
0x00007ffcd56f0000 - 0x00007ffcd5891000 	C:\windows\System32\USER32.dll
0x00007ffcd4400000 - 0x00007ffcd4422000 	C:\windows\System32\win32u.dll
0x00007ffcd62f0000 - 0x00007ffcd631b000 	C:\windows\System32\GDI32.dll
0x00007ffcd3eb0000 - 0x00007ffcd3fc9000 	C:\windows\System32\gdi32full.dll
0x00007ffcd4360000 - 0x00007ffcd43fd000 	C:\windows\System32\msvcp_win.dll
0x00007ffcb5990000 - 0x00007ffcb59ab000 	C:\Program Files\JetBrains\IntelliJ IDEA Community Edition 2022.2.3\jbr\bin\VCRUNTIME140.dll
0x00007ffcbcd80000 - 0x00007ffcbd01b000 	C:\windows\WinSxS\amd64_microsoft.windows.common-controls_6595b64144ccf1df_6.0.19041.6456_none_60b8a6cb71f64256\COMCTL32.dll
0x00007ffcd5bf0000 - 0x00007ffcd5c8e000 	C:\windows\System32\msvcrt.dll
0x00007ffcd54d0000 - 0x00007ffcd54ff000 	C:\windows\System32\IMM32.DLL
0x00007ffccfd40000 - 0x00007ffccfd4c000 	C:\Program Files\JetBrains\IntelliJ IDEA Community Edition 2022.2.3\jbr\bin\vcruntime140_1.dll
0x00007ffc94a30000 - 0x00007ffc94abd000 	C:\Program Files\JetBrains\IntelliJ IDEA Community Edition 2022.2.3\jbr\bin\msvcp140.dll
0x00007ffc77070000 - 0x00007ffc77cd9000 	C:\Program Files\JetBrains\IntelliJ IDEA Community Edition 2022.2.3\jbr\bin\server\jvm.dll
0x00007ffcd5b30000 - 0x00007ffcd5be1000 	C:\windows\System32\ADVAPI32.dll
0x00007ffcd5df0000 - 0x00007ffcd5e8f000 	C:\windows\System32\sechost.dll
0x00007ffcd5500000 - 0x00007ffcd5620000 	C:\windows\System32\RPCRT4.dll
0x00007ffcd3e80000 - 0x00007ffcd3ea7000 	C:\windows\System32\bcrypt.dll
0x00007ffcd5310000 - 0x00007ffcd5318000 	C:\windows\System32\PSAPI.DLL
0x00007ffc8dad0000 - 0x00007ffc8dad9000 	C:\windows\SYSTEM32\WSOCK32.dll
0x00007ffcd59a0000 - 0x00007ffcd5a0b000 	C:\windows\System32\WS2_32.dll
0x00007ffcc97e0000 - 0x00007ffcc9807000 	C:\windows\SYSTEM32\WINMM.dll
0x00007ffcc9740000 - 0x00007ffcc974a000 	C:\windows\SYSTEM32\VERSION.dll
0x00007ffcd19f0000 - 0x00007ffcd1a02000 	C:\windows\SYSTEM32\kernel.appcore.dll
0x00007ffcd00d0000 - 0x00007ffcd00da000 	C:\Program Files\JetBrains\IntelliJ IDEA Community Edition 2022.2.3\jbr\bin\jimage.dll
0x00007ffcb8880000 - 0x00007ffcb8a81000 	C:\windows\SYSTEM32\DBGHELP.DLL
0x00007ffcb8090000 - 0x00007ffcb80c4000 	C:\windows\SYSTEM32\dbgcore.DLL
0x00007ffcd4480000 - 0x00007ffcd4502000 	C:\windows\System32\bcryptPrimitives.dll
0x00007ffcb8c60000 - 0x00007ffcb8c85000 	C:\Program Files\JetBrains\IntelliJ IDEA Community Edition 2022.2.3\jbr\bin\java.dll

dbghelp: loaded successfully - version: 4.0.5 - missing functions: none
symbol engine: initialized successfully - sym options: 0x614 - pdb path: .;C:\Program Files\JetBrains\IntelliJ IDEA Community Edition 2022.2.3\jbr\bin;C:\windows\SYSTEM32;C:\windows\WinSxS\amd64_microsoft.windows.common-controls_6595b64144ccf1df_6.0.19041.6456_none_60b8a6cb71f64256;C:\Program Files\JetBrains\IntelliJ IDEA Community Edition 2022.2.3\jbr\bin\server

VM Arguments:
java_command: git4idea.http.GitAskPassApp Username for 'https://github.com': 
java_class_path (initial): C:/Program Files/JetBrains/IntelliJ IDEA Community Edition 2022.2.3/plugins/git4idea/lib/git4idea-rt.jar;C:/Program Files/JetBrains/IntelliJ IDEA Community Edition 2022.2.3/lib/externalProcess-rt.jar;C:/Program Files/JetBrains/IntelliJ IDEA Community Edition 2022.2.3/lib/app.jar;C:/Program Files/JetBrains/IntelliJ IDEA Community Edition 2022.2.3/lib/3rd-party-rt.jar
Launcher Type: SUN_STANDARD

[Global flags]
     intx CICompilerCount                          = 3                                         {product} {ergonomic}
     uint ConcGCThreads                            = 1                                         {product} {ergonomic}
     uint G1ConcRefinementThreads                  = 4                                         {product} {ergonomic}
   size_t G1HeapRegionSize                         = 2097152                                   {product} {ergonomic}
    uintx GCDrainStackTargetSize                   = 64                                        {product} {ergonomic}
   size_t InitialHeapSize                          = 234881024                                 {product} {ergonomic}
   size_t MarkStackSize                            = 4194304                                   {product} {ergonomic}
   size_t MaxHeapSize                              = 3743416320                                {product} {ergonomic}
   size_t MinHeapDeltaBytes                        = 2097152                                   {product} {ergonomic}
   size_t MinHeapSize                              = 8388608                                   {product} {ergonomic}
    uintx NonNMethodCodeHeapSize                   = 5832780                                {pd product} {ergonomic}
    uintx NonProfiledCodeHeapSize                  = 122912730                              {pd product} {ergonomic}
    uintx ProfiledCodeHeapSize                     = 122912730                              {pd product} {ergonomic}
    uintx ReservedCodeCacheSize                    = 251658240                              {pd product} {ergonomic}
     bool SegmentedCodeCache                       = true                                      {product} {ergonomic}
   size_t SoftMaxHeapSize                          = 3743416320                             {manageable} {ergonomic}
     bool UseCompressedClassPointers               = true                           {product lp64_product} {ergonomic}
     bool UseCompressedOops                        = true                           {product lp64_product} {ergonomic}
     bool UseG1GC                                  = true                                      {product} {ergonomic}
     bool UseLargePagesIndividualAllocation        = false                                  {pd product} {ergonomic}

Logging:
Log output configuration:
 #0: stdout all=warning uptime,level,tags
 #1: stderr all=off uptime,level,tags

Environment Variables:
PATH=C:/Program Files/Git/mingw64/libexec/git-core;C:/Program Files/Git/mingw64/libexec/git-core;C:\Program Files\Git\mingw64\bin;C:\Program Files\Git\usr\bin;C:\Users\pogan\bin;C:\Program Files\Common Files\Oracle\Java\javapath;C:\windows\system32;C:\windows;C:\windows\System32\Wbem;C:\windows\System32\WindowsPowerShell\v1.0\;C:\windows\System32\OpenSSH\;C:\Program Files\Git\cmd;C:\Program Files\TortoiseGit\bin;C:\Program Files\HP\HP One Agent;C:\Program Files\nodejs\;C:\Program Files\PuTTY\;C:\Users\pogan\AppData\Local\Microsoft\WindowsApps;C:\Users\pogan\AppData\Roaming\npm;C:\Users\pogan\AppData\Local\Programs\Microsoft VS Code\bin
USERNAME=pogan
DISPLAY=:0.0
LC_ALL=en_US.UTF-8
TERM=xterm-256color
TMPDIR=C:\Users\pogan\AppData\Local\Temp
OS=Windows_NT
PROCESSOR_IDENTIFIER=AMD64 Family 23 Model 24 Stepping 1, AuthenticAMD
TMP=C:\Users\pogan\AppData\Local\Temp
TEMP=C:\Users\pogan\AppData\Local\Temp



---------------  S Y S T E M  ---------------

OS:
 Windows 10 , 64 bit Build 19041 (10.0.19041.5915)
OS uptime: 10 days 17:58 hours

CPU: total 4 (initial active 4) (4 cores per cpu, 2 threads per core) family 23 model 24 stepping 1 microcode 0x0, cx8, cmov, fxsr, ht, mmx, 3dnowpref, sse, sse2, sse3, ssse3, sse4a, sse4.1, sse4.2, popcnt, lzcnt, tsc, tscinvbit, avx, avx2, aes, clmul, bmi1, bmi2, adx, sha, fma, vzeroupper, clflush, clflushopt

Memory: 4k page, system-wide physical 14278M (273M free)
TotalPageFile size 57286M (AvailPageFile size 119M)
current process WorkingSet (physical memory assigned to process): 10M, peak: 10M
current process commit charge ("private bytes"): 51M, peak: 275M

vm_info: OpenJDK 64-Bit Server VM (17.0.4.1+7-b469.62) for windows-amd64 JRE (17.0.4.1+7-b469.62), built on 2022-09-22 by "builduser" with MS VC++ 16.10 / 16.11 (VS2019)

END.
